2023-03-23 17:48:12.764 [info] Validating found git in: git
2023-03-23 17:48:12.764 [info] Using git 2.38.4 from git
2023-03-23 17:48:12.764 [info] > git rev-parse --show-toplevel [18ms]
2023-03-23 17:48:12.766 [info] > git rev-parse --git-dir --git-common-dir [38ms]
2023-03-23 17:48:12.771 [info] Log level: Info
2023-03-23 17:48:12.771 [info] Open repository: /home/username/Sorting-using-ncurses
2023-03-23 17:48:12.796 [info] > git status -z -uall [14ms]
2023-03-23 17:48:12.797 [info] > git remote --verbose [18ms]
2023-03-23 17:48:12.798 [info] > git for-each-ref --sort -committerdate --format %(refname) %(objectname) %(*objectname) [22ms]
2023-03-23 17:48:12.801 [info] > git config --get commit.template [12ms]
2023-03-23 17:48:12.813 [info] > git for-each-ref --format=%(refname)%00%(upstream:short)%00%(objectname)%00%(upstream:track)%00%(upstream:remotename)%00%(upstream:remoteref) refs/heads/main refs/remotes/main [5ms]
2023-03-23 17:48:12.832 [info] > git status -z -uall [5ms]
2023-03-23 17:48:12.833 [info] > git remote --verbose [9ms]
2023-03-23 17:48:12.834 [info] > git for-each-ref --sort -committerdate --format %(refname) %(objectname) %(*objectname) [13ms]
2023-03-23 17:48:12.836 [info] > git config --get commit.template [4ms]
2023-03-23 17:48:12.843 [info] > git for-each-ref --format=%(refname)%00%(upstream:short)%00%(objectname)%00%(upstream:track)%00%(upstream:remotename)%00%(upstream:remoteref) refs/heads/main refs/remotes/main [2ms]
2023-03-23 17:48:13.087 [info] > git show --textconv :sorting.cpp [4ms]
2023-03-23 17:48:13.089 [info] > git ls-files --stage -- /home/username/Sorting-using-ncurses/sorting.cpp [2ms]
2023-03-23 17:48:13.095 [info] > git cat-file -s 8a5907c2f1a38ddfe07c5fdf287ddbac9319f639 [1ms]
2023-03-23 17:48:13.306 [info] > git check-ignore -v -z --stdin [2ms]
2023-03-23 17:48:58.808 [info] > git show --textconv HEAD:sorting.cpp [15ms]
2023-03-23 17:48:58.810 [info] > git ls-tree -l HEAD -- /home/username/Sorting-using-ncurses/sorting.cpp [3ms]
2023-03-23 17:50:26.912 [info] > git ls-tree -l HEAD -- /home/username/Sorting-using-ncurses/sorting.cpp [5ms]
2023-03-23 17:50:29.728 [info] > git show --textconv :sorting.cpp [11ms]
2023-03-23 17:50:29.729 [info] > git ls-files --stage -- /home/username/Sorting-using-ncurses/sorting.cpp [4ms]
2023-03-23 17:50:29.737 [info] > git cat-file -s 8a5907c2f1a38ddfe07c5fdf287ddbac9319f639 [4ms]
2023-03-23 17:50:31.644 [info] > git show --textconv :sorting.cpp [5ms]
2023-03-23 17:50:31.646 [info] > git ls-files --stage -- /home/username/Sorting-using-ncurses/sorting.cpp [2ms]
2023-03-23 17:50:31.652 [info] > git cat-file -s 8a5907c2f1a38ddfe07c5fdf287ddbac9319f639 [2ms]
2023-03-23 17:58:36.935 [info] > git status -z -uall [5ms]
2023-03-23 17:58:36.935 [info] > git remote --verbose [10ms]
2023-03-23 17:58:36.936 [info] > git for-each-ref --sort -committerdate --format %(refname) %(objectname) %(*objectname) [14ms]
2023-03-23 17:58:36.938 [info] > git config --get commit.template [3ms]
2023-03-23 17:58:36.944 [info] > git for-each-ref --format=%(refname)%00%(upstream:short)%00%(objectname)%00%(upstream:track)%00%(upstream:remotename)%00%(upstream:remoteref) refs/heads/main refs/remotes/main [1ms]
2023-03-23 17:59:00.729 [info] > git remote --verbose [12ms]
2023-03-23 17:59:00.730 [info] > git for-each-ref --sort -committerdate --format %(refname) %(objectname) %(*objectname) [24ms]
2023-03-23 17:59:00.746 [info] > git status -z -uall [21ms]
2023-03-23 17:59:00.761 [info] > git config --get commit.template [14ms]
2023-03-23 17:59:00.764 [info] > git for-each-ref --format=%(refname)%00%(upstream:short)%00%(objectname)%00%(upstream:track)%00%(upstream:remotename)%00%(upstream:remoteref) refs/heads/main refs/remotes/main [6ms]
2023-03-23 18:01:07.481 [info] > git status -z -uall [12ms]
2023-03-23 18:01:07.481 [info] > git remote --verbose [27ms]
2023-03-23 18:01:07.482 [info] > git for-each-ref --sort -committerdate --format %(refname) %(objectname) %(*objectname) [35ms]
2023-03-23 18:01:07.483 [info] > git config --get commit.template [2ms]
2023-03-23 18:01:07.495 [info] > git for-each-ref --format=%(refname)%00%(upstream:short)%00%(objectname)%00%(upstream:track)%00%(upstream:remotename)%00%(upstream:remoteref) refs/heads/main refs/remotes/main [4ms]
2023-03-23 18:01:15.585 [info] > git status -z -uall [5ms]
2023-03-23 18:01:15.586 [info] > git remote --verbose [9ms]
2023-03-23 18:01:15.586 [info] > git for-each-ref --sort -committerdate --format %(refname) %(objectname) %(*objectname) [13ms]
2023-03-23 18:01:15.587 [info] > git config --get commit.template [3ms]
2023-03-23 18:01:15.593 [info] > git for-each-ref --format=%(refname)%00%(upstream:short)%00%(objectname)%00%(upstream:track)%00%(upstream:remotename)%00%(upstream:remoteref) refs/heads/main refs/remotes/main [2ms]
2023-03-23 18:01:44.533 [info] > git status -z -uall [16ms]
2023-03-23 18:01:44.534 [info] > git remote --verbose [22ms]
2023-03-23 18:01:44.538 [info] > git for-each-ref --sort -committerdate --format %(refname) %(objectname) %(*objectname) [33ms]
2023-03-23 18:01:44.541 [info] > git config --get commit.template [9ms]
2023-03-23 18:01:44.552 [info] > git for-each-ref --format=%(refname)%00%(upstream:short)%00%(objectname)%00%(upstream:track)%00%(upstream:remotename)%00%(upstream:remoteref) refs/heads/main refs/remotes/main [1ms]
2023-03-23 18:30:20.843 [info] > git status -z -uall [4ms]
2023-03-23 18:30:20.843 [info] > git remote --verbose [9ms]
2023-03-23 18:30:20.844 [info] > git for-each-ref --sort -committerdate --format %(refname) %(objectname) %(*objectname) [13ms]
2023-03-23 18:30:20.845 [info] > git config --get commit.template [2ms]
2023-03-23 18:30:20.851 [info] > git for-each-ref --format=%(refname)%00%(upstream:short)%00%(objectname)%00%(upstream:track)%00%(upstream:remotename)%00%(upstream:remoteref) refs/heads/main refs/remotes/main [1ms]
2023-03-23 18:30:25.869 [info] > git status -z -uall [4ms]
2023-03-23 18:30:25.870 [info] > git remote --verbose [9ms]
2023-03-23 18:30:25.870 [info] > git for-each-ref --sort -committerdate --format %(refname) %(objectname) %(*objectname) [13ms]
2023-03-23 18:30:25.871 [info] > git config --get commit.template [2ms]
2023-03-23 18:30:25.877 [info] > git for-each-ref --format=%(refname)%00%(upstream:short)%00%(objectname)%00%(upstream:track)%00%(upstream:remotename)%00%(upstream:remoteref) refs/heads/main refs/remotes/main [2ms]
2023-03-23 18:30:30.896 [info] > git status -z -uall [6ms]
2023-03-23 18:30:30.896 [info] > git remote --verbose [10ms]
2023-03-23 18:30:30.896 [info] > git for-each-ref --sort -committerdate --format %(refname) %(objectname) %(*objectname) [14ms]
2023-03-23 18:30:30.897 [info] > git config --get commit.template [2ms]
2023-03-23 18:30:30.903 [info] > git for-each-ref --format=%(refname)%00%(upstream:short)%00%(objectname)%00%(upstream:track)%00%(upstream:remotename)%00%(upstream:remoteref) refs/heads/main refs/remotes/main [2ms]
2023-03-23 18:30:35.921 [info] > git status -z -uall [5ms]
2023-03-23 18:30:35.921 [info] > git remote --verbose [9ms]
2023-03-23 18:30:35.921 [info] > git for-each-ref --sort -committerdate --format %(refname) %(objectname) %(*objectname) [12ms]
2023-03-23 18:30:35.922 [info] > git config --get commit.template [2ms]
2023-03-23 18:30:35.930 [info] > git for-each-ref --format=%(refname)%00%(upstream:short)%00%(objectname)%00%(upstream:track)%00%(upstream:remotename)%00%(upstream:remoteref) refs/heads/main refs/remotes/main [2ms]
2023-03-23 18:30:40.954 [info] > git status -z -uall [6ms]
2023-03-23 18:30:40.955 [info] > git remote --verbose [11ms]
2023-03-23 18:30:40.955 [info] > git for-each-ref --sort -committerdate --format %(refname) %(objectname) %(*objectname) [16ms]
2023-03-23 18:30:40.956 [info] > git config --get commit.template [3ms]
2023-03-23 18:30:40.970 [info] > git for-each-ref --format=%(refname)%00%(upstream:short)%00%(objectname)%00%(upstream:track)%00%(upstream:remotename)%00%(upstream:remoteref) refs/heads/main refs/remotes/main [4ms]
2023-03-23 18:30:46.007 [info] > git status -z -uall [4ms]
2023-03-23 18:30:46.008 [info] > git remote --verbose [9ms]
2023-03-23 18:30:46.008 [info] > git for-each-ref --sort -committerdate --format %(refname) %(objectname) %(*objectname) [13ms]
2023-03-23 18:30:46.009 [info] > git config --get commit.template [1ms]
2023-03-23 18:30:46.015 [info] > git for-each-ref --format=%(refname)%00%(upstream:short)%00%(objectname)%00%(upstream:track)%00%(upstream:remotename)%00%(upstream:remoteref) refs/heads/main refs/remotes/main [1ms]
2023-03-23 18:30:52.084 [info] > git status -z -uall [4ms]
2023-03-23 18:30:52.085 [info] > git remote --verbose [9ms]
2023-03-23 18:30:52.085 [info] > git for-each-ref --sort -committerdate --format %(refname) %(objectname) %(*objectname) [14ms]
2023-03-23 18:30:52.087 [info] > git config --get commit.template [2ms]
2023-03-23 18:30:52.093 [info] > git for-each-ref --format=%(refname)%00%(upstream:short)%00%(objectname)%00%(upstream:track)%00%(upstream:remotename)%00%(upstream:remoteref) refs/heads/main refs/remotes/main [1ms]
2023-03-23 18:30:57.771 [info] > git status -z -uall [5ms]
2023-03-23 18:30:57.771 [info] > git remote --verbose [9ms]
2023-03-23 18:30:57.772 [info] > git for-each-ref --sort -committerdate --format %(refname) %(objectname) %(*objectname) [13ms]
2023-03-23 18:30:57.772 [info] > git config --get commit.template [2ms]
2023-03-23 18:30:57.780 [info] > git for-each-ref --format=%(refname)%00%(upstream:short)%00%(objectname)%00%(upstream:track)%00%(upstream:remotename)%00%(upstream:remoteref) refs/heads/main refs/remotes/main [2ms]
2023-03-23 18:31:02.873 [info] > git status -z -uall [25ms]
2023-03-23 18:31:02.874 [info] > git remote --verbose [49ms]
2023-03-23 18:31:02.875 [info] > git for-each-ref --sort -committerdate --format %(refname) %(objectname) %(*objectname) [68ms]
2023-03-23 18:31:02.876 [info] > git config --get commit.template [7ms]
2023-03-23 18:31:02.882 [info] > git for-each-ref --format=%(refname)%00%(upstream:short)%00%(objectname)%00%(upstream:track)%00%(upstream:remotename)%00%(upstream:remoteref) refs/heads/main refs/remotes/main [2ms]
2023-03-23 18:31:07.901 [info] > git status -z -uall [5ms]
2023-03-23 18:31:07.902 [info] > git remote --verbose [9ms]
2023-03-23 18:31:07.902 [info] > git for-each-ref --sort -committerdate --format %(refname) %(objectname) %(*objectname) [14ms]
2023-03-23 18:31:07.903 [info] > git config --get commit.template [2ms]
2023-03-23 18:31:07.909 [info] > git for-each-ref --format=%(refname)%00%(upstream:short)%00%(objectname)%00%(upstream:track)%00%(upstream:remotename)%00%(upstream:remoteref) refs/heads/main refs/remotes/main [1ms]
2023-03-23 18:32:12.741 [info] > git status -z -uall [10ms]
2023-03-23 18:32:12.742 [info] > git remote --verbose [15ms]
2023-03-23 18:32:12.743 [info] > git for-each-ref --sort -committerdate --format %(refname) %(objectname) %(*objectname) [21ms]
2023-03-23 18:32:12.744 [info] > git config --get commit.template [3ms]
2023-03-23 18:32:12.751 [info] > git for-each-ref --format=%(refname)%00%(upstream:short)%00%(objectname)%00%(upstream:track)%00%(upstream:remotename)%00%(upstream:remoteref) refs/heads/main refs/remotes/main [2ms]
2023-03-23 18:34:43.812 [info] > git status -z -uall [7ms]
2023-03-23 18:34:43.814 [info] > git remote --verbose [12ms]
2023-03-23 18:34:43.814 [info] > git for-each-ref --sort -committerdate --format %(refname) %(objectname) %(*objectname) [19ms]
2023-03-23 18:34:43.816 [info] > git config --get commit.template [4ms]
2023-03-23 18:34:43.824 [info] > git for-each-ref --format=%(refname)%00%(upstream:short)%00%(objectname)%00%(upstream:track)%00%(upstream:remotename)%00%(upstream:remoteref) refs/heads/main refs/remotes/main [2ms]
2023-03-23 18:34:48.844 [info] > git status -z -uall [4ms]
2023-03-23 18:34:48.845 [info] > git remote --verbose [8ms]
2023-03-23 18:34:48.845 [info] > git for-each-ref --sort -committerdate --format %(refname) %(objectname) %(*objectname) [13ms]
2023-03-23 18:34:48.846 [info] > git config --get commit.template [2ms]
2023-03-23 18:34:48.852 [info] > git for-each-ref --format=%(refname)%00%(upstream:short)%00%(objectname)%00%(upstream:track)%00%(upstream:remotename)%00%(upstream:remoteref) refs/heads/main refs/remotes/main [1ms]
2023-03-23 18:35:14.005 [info] > git status -z -uall [7ms]
2023-03-23 18:35:14.006 [info] > git remote --verbose [11ms]
2023-03-23 18:35:14.006 [info] > git for-each-ref --sort -committerdate --format %(refname) %(objectname) %(*objectname) [27ms]
2023-03-23 18:35:14.006 [info] > git config --get commit.template [2ms]
2023-03-23 18:35:14.014 [info] > git for-each-ref --format=%(refname)%00%(upstream:short)%00%(objectname)%00%(upstream:track)%00%(upstream:remotename)%00%(upstream:remoteref) refs/heads/main refs/remotes/main [2ms]
2023-03-23 18:35:29.595 [info] > git status -z -uall [11ms]
2023-03-23 18:35:29.596 [info] > git remote --verbose [19ms]
2023-03-23 18:35:29.598 [info] > git for-each-ref --sort -committerdate --format %(refname) %(objectname) %(*objectname) [32ms]
2023-03-23 18:35:29.601 [info] > git config --get commit.template [6ms]
2023-03-23 18:35:29.614 [info] > git for-each-ref --format=%(refname)%00%(upstream:short)%00%(objectname)%00%(upstream:track)%00%(upstream:remotename)%00%(upstream:remoteref) refs/heads/main refs/remotes/main [2ms]
2023-03-23 18:35:44.300 [info] > git status -z -uall [4ms]
2023-03-23 18:35:44.301 [info] > git remote --verbose [10ms]
2023-03-23 18:35:44.301 [info] > git for-each-ref --sort -committerdate --format %(refname) %(objectname) %(*objectname) [13ms]
2023-03-23 18:35:44.302 [info] > git config --get commit.template [2ms]
2023-03-23 18:35:44.308 [info] > git for-each-ref --format=%(refname)%00%(upstream:short)%00%(objectname)%00%(upstream:track)%00%(upstream:remotename)%00%(upstream:remoteref) refs/heads/main refs/remotes/main [2ms]
2023-03-23 18:35:56.075 [info] > git status -z -uall [12ms]
2023-03-23 18:35:56.076 [info] > git remote --verbose [19ms]
2023-03-23 18:35:56.076 [info] > git for-each-ref --sort -committerdate --format %(refname) %(objectname) %(*objectname) [32ms]
2023-03-23 18:35:56.077 [info] > git config --get commit.template [2ms]
2023-03-23 18:35:56.089 [info] > git for-each-ref --format=%(refname)%00%(upstream:short)%00%(objectname)%00%(upstream:track)%00%(upstream:remotename)%00%(upstream:remoteref) refs/heads/main refs/remotes/main [1ms]
2023-03-23 18:36:02.184 [info] > git status -z -uall [4ms]
2023-03-23 18:36:02.185 [info] > git remote --verbose [9ms]
2023-03-23 18:36:02.185 [info] > git for-each-ref --sort -committerdate --format %(refname) %(objectname) %(*objectname) [13ms]
2023-03-23 18:36:02.186 [info] > git config --get commit.template [1ms]
2023-03-23 18:36:02.192 [info] > git for-each-ref --format=%(refname)%00%(upstream:short)%00%(objectname)%00%(upstream:track)%00%(upstream:remotename)%00%(upstream:remoteref) refs/heads/main refs/remotes/main [1ms]
2023-03-23 18:36:32.105 [info] > git status -z -uall [5ms]
2023-03-23 18:36:32.105 [info] > git remote --verbose [10ms]
2023-03-23 18:36:32.105 [info] > git for-each-ref --sort -committerdate --format %(refname) %(objectname) %(*objectname) [13ms]
2023-03-23 18:36:32.106 [info] > git config --get commit.template [2ms]
2023-03-23 18:36:32.112 [info] > git for-each-ref --format=%(refname)%00%(upstream:short)%00%(objectname)%00%(upstream:track)%00%(upstream:remotename)%00%(upstream:remoteref) refs/heads/main refs/remotes/main [1ms]
2023-03-23 18:36:44.436 [info] > git status -z -uall [10ms]
2023-03-23 18:36:44.436 [info] > git remote --verbose [16ms]
2023-03-23 18:36:44.436 [info] > git for-each-ref --sort -committerdate --format %(refname) %(objectname) %(*objectname) [24ms]
2023-03-23 18:36:44.437 [info] > git config --get commit.template [2ms]
2023-03-23 18:36:44.443 [info] > git for-each-ref --format=%(refname)%00%(upstream:short)%00%(objectname)%00%(upstream:track)%00%(upstream:remotename)%00%(upstream:remoteref) refs/heads/main refs/remotes/main [1ms]
2023-03-23 18:36:59.668 [info] > git status -z -uall [20ms]
2023-03-23 18:36:59.671 [info] > git remote --verbose [31ms]
2023-03-23 18:36:59.672 [info] > git for-each-ref --sort -committerdate --format %(refname) %(objectname) %(*objectname) [40ms]
2023-03-23 18:36:59.674 [info] > git config --get commit.template [6ms]
2023-03-23 18:36:59.688 [info] > git for-each-ref --format=%(refname)%00%(upstream:short)%00%(objectname)%00%(upstream:track)%00%(upstream:remotename)%00%(upstream:remoteref) refs/heads/main refs/remotes/main [2ms]
2023-03-23 18:37:17.300 [info] > git status -z -uall [24ms]
2023-03-23 18:37:17.301 [info] > git remote --verbose [36ms]
2023-03-23 18:37:17.301 [info] > git for-each-ref --sort -committerdate --format %(refname) %(objectname) %(*objectname) [47ms]
2023-03-23 18:37:17.302 [info] > git config --get commit.template [2ms]
2023-03-23 18:37:17.317 [info] > git for-each-ref --format=%(refname)%00%(upstream:short)%00%(objectname)%00%(upstream:track)%00%(upstream:remotename)%00%(upstream:remoteref) refs/heads/main refs/remotes/main [6ms]
2023-03-23 18:54:42.533 [info] > git status -z -uall [10ms]
2023-03-23 18:54:42.536 [info] > git remote --verbose [20ms]
2023-03-23 18:54:42.537 [info] > git for-each-ref --sort -committerdate --format %(refname) %(objectname) %(*objectname) [30ms]
2023-03-23 18:54:42.540 [info] > git config --get commit.template [7ms]
2023-03-23 18:54:42.557 [info] > git for-each-ref --format=%(refname)%00%(upstream:short)%00%(objectname)%00%(upstream:track)%00%(upstream:remotename)%00%(upstream:remoteref) refs/heads/main refs/remotes/main [2ms]
2023-03-23 18:56:40.111 [info] > git status -z -uall [5ms]
2023-03-23 18:56:40.112 [info] > git remote --verbose [10ms]
2023-03-23 18:56:40.112 [info] > git for-each-ref --sort -committerdate --format %(refname) %(objectname) %(*objectname) [14ms]
2023-03-23 18:56:40.113 [info] > git config --get commit.template [2ms]
2023-03-23 18:56:40.119 [info] > git for-each-ref --format=%(refname)%00%(upstream:short)%00%(objectname)%00%(upstream:track)%00%(upstream:remotename)%00%(upstream:remoteref) refs/heads/main refs/remotes/main [1ms]
2023-03-23 18:56:50.329 [info] > git status -z -uall [10ms]
2023-03-23 18:56:50.330 [info] > git remote --verbose [17ms]
2023-03-23 18:56:50.331 [info] > git for-each-ref --sort -committerdate --format %(refname) %(objectname) %(*objectname) [30ms]
2023-03-23 18:56:50.332 [info] > git config --get commit.template [4ms]
2023-03-23 18:56:50.341 [info] > git for-each-ref --format=%(refname)%00%(upstream:short)%00%(objectname)%00%(upstream:track)%00%(upstream:remotename)%00%(upstream:remoteref) refs/heads/main refs/remotes/main [3ms]
2023-03-23 18:59:59.780 [info] > git status -z -uall [4ms]
2023-03-23 18:59:59.781 [info] > git remote --verbose [9ms]
2023-03-23 18:59:59.782 [info] > git for-each-ref --sort -committerdate --format %(refname) %(objectname) %(*objectname) [12ms]
2023-03-23 18:59:59.783 [info] > git config --get commit.template [3ms]
2023-03-23 18:59:59.789 [info] > git for-each-ref --format=%(refname)%00%(upstream:short)%00%(objectname)%00%(upstream:track)%00%(upstream:remotename)%00%(upstream:remoteref) refs/heads/main refs/remotes/main [1ms]
2023-03-23 19:00:04.821 [info] > git status -z -uall [9ms]
2023-03-23 19:00:04.822 [info] > git remote --verbose [17ms]
2023-03-23 19:00:04.822 [info] > git for-each-ref --sort -committerdate --format %(refname) %(objectname) %(*objectname) [24ms]
2023-03-23 19:00:04.823 [info] > git config --get commit.template [3ms]
2023-03-23 19:00:04.834 [info] > git for-each-ref --format=%(refname)%00%(upstream:short)%00%(objectname)%00%(upstream:track)%00%(upstream:remotename)%00%(upstream:remoteref) refs/heads/main refs/remotes/main [1ms]
2023-03-23 19:00:27.188 [info] > git status -z -uall [13ms]
2023-03-23 19:00:27.189 [info] > git remote --verbose [27ms]
2023-03-23 19:00:27.189 [info] > git for-each-ref --sort -committerdate --format %(refname) %(objectname) %(*objectname) [36ms]
2023-03-23 19:00:27.191 [info] > git config --get commit.template [3ms]
2023-03-23 19:00:27.204 [info] > git for-each-ref --format=%(refname)%00%(upstream:short)%00%(objectname)%00%(upstream:track)%00%(upstream:remotename)%00%(upstream:remoteref) refs/heads/main refs/remotes/main [1ms]
2023-03-23 19:00:42.887 [info] > git status -z -uall [4ms]
2023-03-23 19:00:42.888 [info] > git remote --verbose [8ms]
2023-03-23 19:00:42.888 [info] > git for-each-ref --sort -committerdate --format %(refname) %(objectname) %(*objectname) [13ms]
2023-03-23 19:00:42.889 [info] > git config --get commit.template [3ms]
2023-03-23 19:00:42.895 [info] > git for-each-ref --format=%(refname)%00%(upstream:short)%00%(objectname)%00%(upstream:track)%00%(upstream:remotename)%00%(upstream:remoteref) refs/heads/main refs/remotes/main [1ms]
2023-03-23 19:00:47.910 [info] > git status -z -uall [4ms]
2023-03-23 19:00:47.911 [info] > git remote --verbose [8ms]
2023-03-23 19:00:47.911 [info] > git for-each-ref --sort -committerdate --format %(refname) %(objectname) %(*objectname) [11ms]
2023-03-23 19:00:47.912 [info] > git config --get commit.template [2ms]
2023-03-23 19:00:47.917 [info] > git for-each-ref --format=%(refname)%00%(upstream:short)%00%(objectname)%00%(upstream:track)%00%(upstream:remotename)%00%(upstream:remoteref) refs/heads/main refs/remotes/main [2ms]
2023-03-23 19:00:52.934 [info] > git status -z -uall [4ms]
2023-03-23 19:00:52.934 [info] > git remote --verbose [8ms]
2023-03-23 19:00:52.934 [info] > git for-each-ref --sort -committerdate --format %(refname) %(objectname) %(*objectname) [12ms]
2023-03-23 19:00:52.935 [info] > git config --get commit.template [2ms]
2023-03-23 19:00:52.941 [info] > git for-each-ref --format=%(refname)%00%(upstream:short)%00%(objectname)%00%(upstream:track)%00%(upstream:remotename)%00%(upstream:remoteref) refs/heads/main refs/remotes/main [2ms]
2023-03-23 19:04:04.756 [info] > git status -z -uall [4ms]
2023-03-23 19:04:04.756 [info] > git remote --verbose [8ms]
2023-03-23 19:04:04.756 [info] > git for-each-ref --sort -committerdate --format %(refname) %(objectname) %(*objectname) [11ms]
2023-03-23 19:04:04.757 [info] > git config --get commit.template [2ms]
2023-03-23 19:04:04.762 [info] > git for-each-ref --format=%(refname)%00%(upstream:short)%00%(objectname)%00%(upstream:track)%00%(upstream:remotename)%00%(upstream:remoteref) refs/heads/main refs/remotes/main [1ms]
2023-03-23 19:04:57.482 [info] > git remote --verbose [11ms]
2023-03-23 19:04:57.483 [info] > git for-each-ref --sort -committerdate --format %(refname) %(objectname) %(*objectname) [19ms]
2023-03-23 19:04:57.495 [info] > git status -z -uall [21ms]
2023-03-23 19:04:57.497 [info] > git config --get commit.template [2ms]
2023-03-23 19:04:57.502 [info] > git for-each-ref --format=%(refname)%00%(upstream:short)%00%(objectname)%00%(upstream:track)%00%(upstream:remotename)%00%(upstream:remoteref) refs/heads/main refs/remotes/main [1ms]
2023-03-23 19:05:52.408 [info] > git status -z -uall [4ms]
2023-03-23 19:05:52.408 [info] > git remote --verbose [8ms]
2023-03-23 19:05:52.409 [info] > git for-each-ref --sort -committerdate --format %(refname) %(objectname) %(*objectname) [13ms]
2023-03-23 19:05:52.409 [info] > git config --get commit.template [2ms]
2023-03-23 19:05:52.415 [info] > git for-each-ref --format=%(refname)%00%(upstream:short)%00%(objectname)%00%(upstream:track)%00%(upstream:remotename)%00%(upstream:remoteref) refs/heads/main refs/remotes/main [1ms]
2023-03-23 19:06:07.309 [info] > git status -z -uall [16ms]
2023-03-23 19:06:07.310 [info] > git remote --verbose [24ms]
2023-03-23 19:06:07.311 [info] > git for-each-ref --sort -committerdate --format %(refname) %(objectname) %(*objectname) [33ms]
2023-03-23 19:06:07.313 [info] > git config --get commit.template [5ms]
2023-03-23 19:06:07.330 [info] > git for-each-ref --format=%(refname)%00%(upstream:short)%00%(objectname)%00%(upstream:track)%00%(upstream:remotename)%00%(upstream:remoteref) refs/heads/main refs/remotes/main [1ms]
2023-03-23 19:07:28.563 [info] > git status -z -uall [4ms]
2023-03-23 19:07:28.564 [info] > git remote --verbose [8ms]
2023-03-23 19:07:28.564 [info] > git for-each-ref --sort -committerdate --format %(refname) %(objectname) %(*objectname) [12ms]
2023-03-23 19:07:28.565 [info] > git config --get commit.template [2ms]
2023-03-23 19:07:28.571 [info] > git for-each-ref --format=%(refname)%00%(upstream:short)%00%(objectname)%00%(upstream:track)%00%(upstream:remotename)%00%(upstream:remoteref) refs/heads/main refs/remotes/main [1ms]
2023-03-23 19:07:33.587 [info] > git status -z -uall [4ms]
2023-03-23 19:07:33.588 [info] > git remote --verbose [7ms]
2023-03-23 19:07:33.588 [info] > git for-each-ref --sort -committerdate --format %(refname) %(objectname) %(*objectname) [12ms]
2023-03-23 19:07:33.588 [info] > git config --get commit.template [1ms]
2023-03-23 19:07:33.595 [info] > git for-each-ref --format=%(refname)%00%(upstream:short)%00%(objectname)%00%(upstream:track)%00%(upstream:remotename)%00%(upstream:remoteref) refs/heads/main refs/remotes/main [1ms]
2023-03-23 19:07:43.338 [info] > git status -z -uall [16ms]
2023-03-23 19:07:43.340 [info] > git remote --verbose [25ms]
2023-03-23 19:07:43.340 [info] > git for-each-ref --sort -committerdate --format %(refname) %(objectname) %(*objectname) [35ms]
2023-03-23 19:07:43.341 [info] > git config --get commit.template [4ms]
2023-03-23 19:07:43.352 [info] > git for-each-ref --format=%(refname)%00%(upstream:short)%00%(objectname)%00%(upstream:track)%00%(upstream:remotename)%00%(upstream:remoteref) refs/heads/main refs/remotes/main [1ms]
2023-03-23 19:07:48.370 [info] > git status -z -uall [4ms]
2023-03-23 19:07:48.370 [info] > git remote --verbose [8ms]
2023-03-23 19:07:48.370 [info] > git for-each-ref --sort -committerdate --format %(refname) %(objectname) %(*objectname) [12ms]
2023-03-23 19:07:48.371 [info] > git config --get commit.template [2ms]
2023-03-23 19:07:48.377 [info] > git for-each-ref --format=%(refname)%00%(upstream:short)%00%(objectname)%00%(upstream:track)%00%(upstream:remotename)%00%(upstream:remoteref) refs/heads/main refs/remotes/main [1ms]
2023-03-23 19:07:53.393 [info] > git status -z -uall [4ms]
2023-03-23 19:07:53.394 [info] > git remote --verbose [8ms]
2023-03-23 19:07:53.394 [info] > git for-each-ref --sort -committerdate --format %(refname) %(objectname) %(*objectname) [12ms]
2023-03-23 19:07:53.396 [info] > git config --get commit.template [2ms]
2023-03-23 19:07:53.401 [info] > git for-each-ref --format=%(refname)%00%(upstream:short)%00%(objectname)%00%(upstream:track)%00%(upstream:remotename)%00%(upstream:remoteref) refs/heads/main refs/remotes/main [2ms]
2023-03-23 19:07:58.421 [info] > git status -z -uall [5ms]
2023-03-23 19:07:58.422 [info] > git remote --verbose [11ms]
2023-03-23 19:07:58.422 [info] > git for-each-ref --sort -committerdate --format %(refname) %(objectname) %(*objectname) [16ms]
2023-03-23 19:07:58.423 [info] > git config --get commit.template [2ms]
2023-03-23 19:07:58.430 [info] > git for-each-ref --format=%(refname)%00%(upstream:short)%00%(objectname)%00%(upstream:track)%00%(upstream:remotename)%00%(upstream:remoteref) refs/heads/main refs/remotes/main [2ms]
2023-03-23 19:08:08.652 [info] > git status -z -uall [14ms]
2023-03-23 19:08:08.653 [info] > git remote --verbose [20ms]
2023-03-23 19:08:08.654 [info] > git for-each-ref --sort -committerdate --format %(refname) %(objectname) %(*objectname) [34ms]
2023-03-23 19:08:08.656 [info] > git config --get commit.template [5ms]
2023-03-23 19:08:08.666 [info] > git for-each-ref --format=%(refname)%00%(upstream:short)%00%(objectname)%00%(upstream:track)%00%(upstream:remotename)%00%(upstream:remoteref) refs/heads/main refs/remotes/main [2ms]
2023-03-23 19:08:16.596 [info] > git status -z -uall [5ms]
2023-03-23 19:08:16.597 [info] > git remote --verbose [9ms]
2023-03-23 19:08:16.597 [info] > git for-each-ref --sort -committerdate --format %(refname) %(objectname) %(*objectname) [14ms]
2023-03-23 19:08:16.598 [info] > git config --get commit.template [1ms]
2023-03-23 19:08:16.603 [info] > git for-each-ref --format=%(refname)%00%(upstream:short)%00%(objectname)%00%(upstream:track)%00%(upstream:remotename)%00%(upstream:remoteref) refs/heads/main refs/remotes/main [2ms]
2023-03-23 19:08:24.459 [info] > git status -z -uall [14ms]
2023-03-23 19:08:24.459 [info] > git remote --verbose [27ms]
2023-03-23 19:08:24.460 [info] > git for-each-ref --sort -committerdate --format %(refname) %(objectname) %(*objectname) [37ms]
2023-03-23 19:08:24.462 [info] > git config --get commit.template [3ms]
2023-03-23 19:08:24.471 [info] > git for-each-ref --format=%(refname)%00%(upstream:short)%00%(objectname)%00%(upstream:track)%00%(upstream:remotename)%00%(upstream:remoteref) refs/heads/main refs/remotes/main [2ms]
2023-03-23 19:08:33.743 [info] > git status -z -uall [6ms]
2023-03-23 19:08:33.743 [info] > git remote --verbose [12ms]
2023-03-23 19:08:33.744 [info] > git for-each-ref --sort -committerdate --format %(refname) %(objectname) %(*objectname) [19ms]
2023-03-23 19:08:33.745 [info] > git config --get commit.template [2ms]
2023-03-23 19:08:33.751 [info] > git for-each-ref --format=%(refname)%00%(upstream:short)%00%(objectname)%00%(upstream:track)%00%(upstream:remotename)%00%(upstream:remoteref) refs/heads/main refs/remotes/main [1ms]
2023-03-23 19:08:41.882 [info] > git status -z -uall [12ms]
2023-03-23 19:08:41.883 [info] > git remote --verbose [17ms]
2023-03-23 19:08:41.883 [info] > git for-each-ref --sort -committerdate --format %(refname) %(objectname) %(*objectname) [32ms]
2023-03-23 19:08:41.884 [info] > git config --get commit.template [2ms]
2023-03-23 19:08:41.897 [info] > git for-each-ref --format=%(refname)%00%(upstream:short)%00%(objectname)%00%(upstream:track)%00%(upstream:remotename)%00%(upstream:remoteref) refs/heads/main refs/remotes/main [4ms]
2023-03-23 19:08:46.928 [info] > git status -z -uall [9ms]
2023-03-23 19:08:46.928 [info] > git remote --verbose [16ms]
2023-03-23 19:08:46.929 [info] > git for-each-ref --sort -committerdate --format %(refname) %(objectname) %(*objectname) [21ms]
2023-03-23 19:08:46.930 [info] > git config --get commit.template [3ms]
2023-03-23 19:08:46.938 [info] > git for-each-ref --format=%(refname)%00%(upstream:short)%00%(objectname)%00%(upstream:track)%00%(upstream:remotename)%00%(upstream:remoteref) refs/heads/main refs/remotes/main [3ms]
2023-03-23 19:09:14.610 [info] > git status -z -uall [5ms]
2023-03-23 19:09:14.610 [info] > git remote --verbose [8ms]
2023-03-23 19:09:14.611 [info] > git for-each-ref --sort -committerdate --format %(refname) %(objectname) %(*objectname) [12ms]
2023-03-23 19:09:14.611 [info] > git config --get commit.template [2ms]
2023-03-23 19:09:14.618 [info] > git for-each-ref --format=%(refname)%00%(upstream:short)%00%(objectname)%00%(upstream:track)%00%(upstream:remotename)%00%(upstream:remoteref) refs/heads/main refs/remotes/main [1ms]
2023-03-23 19:09:20.139 [info] > git status -z -uall [4ms]
2023-03-23 19:09:20.140 [info] > git remote --verbose [8ms]
2023-03-23 19:09:20.140 [info] > git for-each-ref --sort -committerdate --format %(refname) %(objectname) %(*objectname) [12ms]
2023-03-23 19:09:20.141 [info] > git config --get commit.template [1ms]
2023-03-23 19:09:20.147 [info] > git for-each-ref --format=%(refname)%00%(upstream:short)%00%(objectname)%00%(upstream:track)%00%(upstream:remotename)%00%(upstream:remoteref) refs/heads/main refs/remotes/main [2ms]
2023-03-23 19:09:25.313 [info] > git status -z -uall [4ms]
2023-03-23 19:09:25.313 [info] > git remote --verbose [9ms]
2023-03-23 19:09:25.313 [info] > git for-each-ref --sort -committerdate --format %(refname) %(objectname) %(*objectname) [12ms]
2023-03-23 19:09:25.314 [info] > git config --get commit.template [2ms]
2023-03-23 19:09:25.320 [info] > git for-each-ref --format=%(refname)%00%(upstream:short)%00%(objectname)%00%(upstream:track)%00%(upstream:remotename)%00%(upstream:remoteref) refs/heads/main refs/remotes/main [2ms]
2023-03-23 19:09:37.016 [info] > git status -z -uall [5ms]
2023-03-23 19:09:37.017 [info] > git remote --verbose [8ms]
2023-03-23 19:09:37.017 [info] > git for-each-ref --sort -committerdate --format %(refname) %(objectname) %(*objectname) [13ms]
2023-03-23 19:09:37.018 [info] > git config --get commit.template [1ms]
2023-03-23 19:09:37.024 [info] > git for-each-ref --format=%(refname)%00%(upstream:short)%00%(objectname)%00%(upstream:track)%00%(upstream:remotename)%00%(upstream:remoteref) refs/heads/main refs/remotes/main [1ms]
2023-03-23 19:09:42.446 [info] > git status -z -uall [4ms]
2023-03-23 19:09:42.447 [info] > git remote --verbose [8ms]
2023-03-23 19:09:42.447 [info] > git for-each-ref --sort -committerdate --format %(refname) %(objectname) %(*objectname) [13ms]
2023-03-23 19:09:42.448 [info] > git config --get commit.template [1ms]
2023-03-23 19:09:42.453 [info] > git for-each-ref --format=%(refname)%00%(upstream:short)%00%(objectname)%00%(upstream:track)%00%(upstream:remotename)%00%(upstream:remoteref) refs/heads/main refs/remotes/main [2ms]
2023-03-23 19:09:50.636 [info] > git status -z -uall [6ms]
2023-03-23 19:09:50.636 [info] > git remote --verbose [14ms]
2023-03-23 19:09:50.636 [info] > git for-each-ref --sort -committerdate --format %(refname) %(objectname) %(*objectname) [22ms]
2023-03-23 19:09:50.637 [info] > git config --get commit.template [2ms]
2023-03-23 19:09:50.649 [info] > git for-each-ref --format=%(refname)%00%(upstream:short)%00%(objectname)%00%(upstream:track)%00%(upstream:remotename)%00%(upstream:remoteref) refs/heads/main refs/remotes/main [2ms]
2023-03-23 19:09:57.363 [info] > git status -z -uall [8ms]
2023-03-23 19:09:57.363 [info] > git remote --verbose [18ms]
2023-03-23 19:09:57.364 [info] > git for-each-ref --sort -committerdate --format %(refname) %(objectname) %(*objectname) [30ms]
2023-03-23 19:09:57.364 [info] > git config --get commit.template [1ms]
2023-03-23 19:09:57.373 [info] > git for-each-ref --format=%(refname)%00%(upstream:short)%00%(objectname)%00%(upstream:track)%00%(upstream:remotename)%00%(upstream:remoteref) refs/heads/main refs/remotes/main [2ms]
2023-03-23 19:10:02.401 [info] > git status -z -uall [9ms]
2023-03-23 19:10:02.402 [info] > git remote --verbose [16ms]
2023-03-23 19:10:02.402 [info] > git for-each-ref --sort -committerdate --format %(refname) %(objectname) %(*objectname) [22ms]
2023-03-23 19:10:02.402 [info] > git config --get commit.template [2ms]
2023-03-23 19:10:02.411 [info] > git for-each-ref --format=%(refname)%00%(upstream:short)%00%(objectname)%00%(upstream:track)%00%(upstream:remotename)%00%(upstream:remoteref) refs/heads/main refs/remotes/main [2ms]
2023-03-23 19:10:16.579 [info] > git remote --verbose [12ms]
2023-03-23 19:10:16.582 [info] > git for-each-ref --sort -committerdate --format %(refname) %(objectname) %(*objectname) [26ms]
2023-03-23 19:10:16.593 [info] > git status -z -uall [16ms]
2023-03-23 19:10:16.594 [info] > git config --get commit.template [1ms]
2023-03-23 19:10:16.604 [info] > git for-each-ref --format=%(refname)%00%(upstream:short)%00%(objectname)%00%(upstream:track)%00%(upstream:remotename)%00%(upstream:remoteref) refs/heads/main refs/remotes/main [2ms]
2023-03-23 19:10:38.151 [info] > git status -z -uall [12ms]
2023-03-23 19:10:38.152 [info] > git remote --verbose [19ms]
2023-03-23 19:10:38.152 [info] > git for-each-ref --sort -committerdate --format %(refname) %(objectname) %(*objectname) [30ms]
2023-03-23 19:10:38.153 [info] > git config --get commit.template [3ms]
2023-03-23 19:10:38.170 [info] > git for-each-ref --format=%(refname)%00%(upstream:short)%00%(objectname)%00%(upstream:track)%00%(upstream:remotename)%00%(upstream:remoteref) refs/heads/main refs/remotes/main [3ms]
2023-03-23 19:11:00.883 [info] > git status -z -uall [4ms]
2023-03-23 19:11:00.883 [info] > git remote --verbose [8ms]
2023-03-23 19:11:00.884 [info] > git for-each-ref --sort -committerdate --format %(refname) %(objectname) %(*objectname) [11ms]
2023-03-23 19:11:00.884 [info] > git config --get commit.template [2ms]
2023-03-23 19:11:00.890 [info] > git for-each-ref --format=%(refname)%00%(upstream:short)%00%(objectname)%00%(upstream:track)%00%(upstream:remotename)%00%(upstream:remoteref) refs/heads/main refs/remotes/main [1ms]
2023-03-23 19:11:12.740 [info] > git status -z -uall [8ms]
2023-03-23 19:11:12.740 [info] > git remote --verbose [18ms]
2023-03-23 19:11:12.740 [info] > git for-each-ref --sort -committerdate --format %(refname) %(objectname) %(*objectname) [31ms]
2023-03-23 19:11:12.741 [info] > git config --get commit.template [2ms]
2023-03-23 19:11:12.750 [info] > git for-each-ref --format=%(refname)%00%(upstream:short)%00%(objectname)%00%(upstream:track)%00%(upstream:remotename)%00%(upstream:remoteref) refs/heads/main refs/remotes/main [2ms]
2023-03-23 19:11:17.780 [info] > git status -z -uall [7ms]
2023-03-23 19:11:17.780 [info] > git remote --verbose [16ms]
2023-03-23 19:11:17.780 [info] > git for-each-ref --sort -committerdate --format %(refname) %(objectname) %(*objectname) [20ms]
2023-03-23 19:11:17.781 [info] > git config --get commit.template [2ms]
2023-03-23 19:11:17.791 [info] > git for-each-ref --format=%(refname)%00%(upstream:short)%00%(objectname)%00%(upstream:track)%00%(upstream:remotename)%00%(upstream:remoteref) refs/heads/main refs/remotes/main [1ms]
2023-03-23 19:11:27.898 [info] > git status -z -uall [5ms]
2023-03-23 19:11:27.898 [info] > git remote --verbose [9ms]
2023-03-23 19:11:27.898 [info] > git for-each-ref --sort -committerdate --format %(refname) %(objectname) %(*objectname) [12ms]
2023-03-23 19:11:27.899 [info] > git config --get commit.template [2ms]
2023-03-23 19:11:27.904 [info] > git for-each-ref --format=%(refname)%00%(upstream:short)%00%(objectname)%00%(upstream:track)%00%(upstream:remotename)%00%(upstream:remoteref) refs/heads/main refs/remotes/main [1ms]
2023-03-23 19:11:47.881 [info] > git status -z -uall [8ms]
2023-03-23 19:11:47.883 [info] > git remote --verbose [18ms]
2023-03-23 19:11:47.883 [info] > git for-each-ref --sort -committerdate --format %(refname) %(objectname) %(*objectname) [30ms]
2023-03-23 19:11:47.885 [info] > git config --get commit.template [3ms]
2023-03-23 19:11:47.905 [info] > git for-each-ref --format=%(refname)%00%(upstream:short)%00%(objectname)%00%(upstream:track)%00%(upstream:remotename)%00%(upstream:remoteref) refs/heads/main refs/remotes/main [4ms]
2023-03-23 19:12:06.395 [info] > git status -z -uall [5ms]
2023-03-23 19:12:06.396 [info] > git remote --verbose [9ms]
2023-03-23 19:12:06.396 [info] > git for-each-ref --sort -committerdate --format %(refname) %(objectname) %(*objectname) [13ms]
2023-03-23 19:12:06.397 [info] > git config --get commit.template [1ms]
2023-03-23 19:12:06.402 [info] > git for-each-ref --format=%(refname)%00%(upstream:short)%00%(objectname)%00%(upstream:track)%00%(upstream:remotename)%00%(upstream:remoteref) refs/heads/main refs/remotes/main [2ms]
2023-03-23 20:20:00.263 [info] > git status -z -uall [13ms]
2023-03-23 20:20:00.263 [info] > git remote --verbose [25ms]
2023-03-23 20:20:00.264 [info] > git for-each-ref --sort -committerdate --format %(refname) %(objectname) %(*objectname) [35ms]
2023-03-23 20:20:00.266 [info] > git config --get commit.template [6ms]
2023-03-23 20:20:00.280 [info] > git for-each-ref --format=%(refname)%00%(upstream:short)%00%(objectname)%00%(upstream:track)%00%(upstream:remotename)%00%(upstream:remoteref) refs/heads/main refs/remotes/main [2ms]
2023-03-23 20:20:05.298 [info] > git status -z -uall [4ms]
2023-03-23 20:20:05.299 [info] > git remote --verbose [9ms]
2023-03-23 20:20:05.299 [info] > git for-each-ref --sort -committerdate --format %(refname) %(objectname) %(*objectname) [14ms]
2023-03-23 20:20:05.300 [info] > git config --get commit.template [1ms]
2023-03-23 20:20:05.306 [info] > git for-each-ref --format=%(refname)%00%(upstream:short)%00%(objectname)%00%(upstream:track)%00%(upstream:remotename)%00%(upstream:remoteref) refs/heads/main refs/remotes/main [2ms]
