2023-03-31 19:41:04.097 [info] Validating found git in: git
2023-03-31 19:41:04.097 [info] Using git 2.38.4 from git
2023-03-31 19:41:04.098 [info] > git rev-parse --show-toplevel [5ms]
2023-03-31 19:41:04.098 [info] > git rev-parse --git-dir --git-common-dir [2ms]
2023-03-31 19:41:04.098 [info] Log level: Info
2023-03-31 19:41:04.098 [info] Open repository: /home/username/Sorting-using-ncurses
2023-03-31 19:41:04.098 [info] > git status -z -uall [9ms]
2023-03-31 19:41:04.098 [info] > git remote --verbose [15ms]
2023-03-31 19:41:04.098 [info] > git for-each-ref --sort -committerdate --format %(refname) %(objectname) %(*objectname) [22ms]
2023-03-31 19:41:04.098 [info] > git config --get commit.template [6ms]
2023-03-31 19:41:04.098 [info] > git for-each-ref --format=%(refname)%00%(upstream:short)%00%(objectname)%00%(upstream:track)%00%(upstream:remotename)%00%(upstream:remoteref) refs/heads/main refs/remotes/main [2ms]
2023-03-31 19:41:04.098 [info] > git status -z -uall [18ms]
2023-03-31 19:41:04.098 [info] > git remote --verbose [25ms]
2023-03-31 19:41:04.098 [info] > git for-each-ref --sort -committerdate --format %(refname) %(objectname) %(*objectname) [31ms]
2023-03-31 19:41:04.098 [info] > git config --get commit.template [12ms]
2023-03-31 19:41:04.098 [info] > git for-each-ref --format=%(refname)%00%(upstream:short)%00%(objectname)%00%(upstream:track)%00%(upstream:remotename)%00%(upstream:remoteref) refs/heads/main refs/remotes/main [8ms]
2023-03-31 19:41:04.562 [info] > git check-ignore -v -z --stdin [2ms]
2023-03-31 19:41:35.769 [info] > git rev-parse --show-toplevel [24ms]
2023-03-31 19:41:35.769 [info] fatal: not a git repository (or any of the parent directories): .git
2023-03-31 20:57:39.431 [info] > git show --textconv :sorting.cpp [8ms]
2023-03-31 20:57:39.438 [info] > git ls-files --stage -- /home/username/Sorting-using-ncurses/sorting.cpp [4ms]
2023-03-31 20:57:39.446 [info] > git cat-file -s 8a5907c2f1a38ddfe07c5fdf287ddbac9319f639 [1ms]
2023-03-31 20:57:40.983 [info] > git rev-parse --show-toplevel [3ms]
2023-03-31 20:57:40.983 [info] fatal: not a git repository (or any of the parent directories): .git
