2023-03-23 17:20:12.663 [info] Validating found git in: git
2023-03-23 17:20:12.663 [info] Using git 2.38.4 from git
2023-03-23 17:20:22.545 [info] Validating found git in: git
2023-03-23 17:20:22.545 [info] Using git 2.38.4 from git
2023-03-23 17:20:22.545 [info] > git rev-parse --show-toplevel [4ms]
2023-03-23 17:20:22.547 [info] > git rev-parse --git-dir --git-common-dir [5ms]
2023-03-23 17:20:22.559 [info] Log level: Info
2023-03-23 17:20:22.559 [info] Open repository: /home/username/Sorting-using-ncurses
2023-03-23 17:20:22.595 [info] > git status -z -uall [20ms]
2023-03-23 17:20:22.597 [info] > git remote --verbose [27ms]
2023-03-23 17:20:22.598 [info] > git for-each-ref --sort -committerdate --format %(refname) %(objectname) %(*objectname) [34ms]
2023-03-23 17:20:22.603 [info] > git config --get commit.template [18ms]
2023-03-23 17:20:22.618 [info] > git for-each-ref --format=%(refname)%00%(upstream:short)%00%(objectname)%00%(upstream:track)%00%(upstream:remotename)%00%(upstream:remoteref) refs/heads/main refs/remotes/main [1ms]
2023-03-23 17:20:22.660 [info] > git status -z -uall [10ms]
2023-03-23 17:20:22.661 [info] > git remote --verbose [23ms]
2023-03-23 17:20:22.662 [info] > git for-each-ref --sort -committerdate --format %(refname) %(objectname) %(*objectname) [28ms]
2023-03-23 17:20:22.666 [info] > git config --get commit.template [6ms]
2023-03-23 17:20:22.678 [info] > git for-each-ref --format=%(refname)%00%(upstream:short)%00%(objectname)%00%(upstream:track)%00%(upstream:remotename)%00%(upstream:remoteref) refs/heads/main refs/remotes/main [2ms]
2023-03-23 17:20:23.113 [info] > git check-ignore -v -z --stdin [2ms]
2023-03-23 17:20:26.607 [info] > git show --textconv :sorting.cpp [10ms]
2023-03-23 17:20:26.609 [info] > git ls-files --stage -- /home/username/Sorting-using-ncurses/sorting.cpp [3ms]
2023-03-23 17:20:26.622 [info] > git cat-file -s 8a5907c2f1a38ddfe07c5fdf287ddbac9319f639 [2ms]
2023-03-23 17:21:59.887 [info] > git status -z -uall [8ms]
2023-03-23 17:21:59.889 [info] > git remote --verbose [14ms]
2023-03-23 17:21:59.890 [info] > git for-each-ref --sort -committerdate --format %(refname) %(objectname) %(*objectname) [24ms]
2023-03-23 17:21:59.892 [info] > git config --get commit.template [5ms]
2023-03-23 17:21:59.901 [info] > git for-each-ref --format=%(refname)%00%(upstream:short)%00%(objectname)%00%(upstream:track)%00%(upstream:remotename)%00%(upstream:remoteref) refs/heads/main refs/remotes/main [2ms]
2023-03-23 17:23:47.071 [info] > git status -z -uall [5ms]
2023-03-23 17:23:47.072 [info] > git remote --verbose [15ms]
2023-03-23 17:23:47.073 [info] > git for-each-ref --sort -committerdate --format %(refname) %(objectname) %(*objectname) [25ms]
2023-03-23 17:23:47.075 [info] > git config --get commit.template [3ms]
2023-03-23 17:23:47.085 [info] > git for-each-ref --format=%(refname)%00%(upstream:short)%00%(objectname)%00%(upstream:track)%00%(upstream:remotename)%00%(upstream:remoteref) refs/heads/main refs/remotes/main [2ms]
2023-03-23 17:25:19.725 [info] > git status -z -uall [18ms]
2023-03-23 17:25:19.726 [info] > git remote --verbose [24ms]
2023-03-23 17:25:19.728 [info] > git for-each-ref --sort -committerdate --format %(refname) %(objectname) %(*objectname) [34ms]
2023-03-23 17:25:19.728 [info] > git config --get commit.template [4ms]
2023-03-23 17:25:19.741 [info] > git for-each-ref --format=%(refname)%00%(upstream:short)%00%(objectname)%00%(upstream:track)%00%(upstream:remotename)%00%(upstream:remoteref) refs/heads/main refs/remotes/main [5ms]
2023-03-23 17:33:59.630 [info] > git status -z -uall [11ms]
2023-03-23 17:33:59.633 [info] > git remote --verbose [38ms]
2023-03-23 17:33:59.635 [info] > git for-each-ref --sort -committerdate --format %(refname) %(objectname) %(*objectname) [49ms]
2023-03-23 17:33:59.638 [info] > git config --get commit.template [10ms]
2023-03-23 17:33:59.650 [info] > git for-each-ref --format=%(refname)%00%(upstream:short)%00%(objectname)%00%(upstream:track)%00%(upstream:remotename)%00%(upstream:remoteref) refs/heads/main refs/remotes/main [3ms]
2023-03-23 17:34:32.137 [info] > git status -z -uall [10ms]
2023-03-23 17:34:32.139 [info] > git remote --verbose [19ms]
2023-03-23 17:34:32.142 [info] > git for-each-ref --sort -committerdate --format %(refname) %(objectname) %(*objectname) [29ms]
2023-03-23 17:34:32.144 [info] > git config --get commit.template [8ms]
2023-03-23 17:34:32.164 [info] > git for-each-ref --format=%(refname)%00%(upstream:short)%00%(objectname)%00%(upstream:track)%00%(upstream:remotename)%00%(upstream:remoteref) refs/heads/main refs/remotes/main [5ms]
2023-03-23 17:34:40.931 [info] > git status -z -uall [9ms]
2023-03-23 17:34:40.932 [info] > git remote --verbose [14ms]
2023-03-23 17:34:40.933 [info] > git for-each-ref --sort -committerdate --format %(refname) %(objectname) %(*objectname) [22ms]
2023-03-23 17:34:40.935 [info] > git config --get commit.template [4ms]
2023-03-23 17:34:40.943 [info] > git for-each-ref --format=%(refname)%00%(upstream:short)%00%(objectname)%00%(upstream:track)%00%(upstream:remotename)%00%(upstream:remoteref) refs/heads/main refs/remotes/main [1ms]
2023-03-23 17:36:02.595 [info] > git show --textconv :sorting.cpp [6ms]
2023-03-23 17:36:02.597 [info] > git ls-files --stage -- /home/username/Sorting-using-ncurses/sorting.cpp [2ms]
2023-03-23 17:36:02.616 [info] > git cat-file -s 8a5907c2f1a38ddfe07c5fdf287ddbac9319f639 [2ms]
2023-03-23 17:36:21.823 [info] > git status -z -uall [7ms]
2023-03-23 17:36:21.824 [info] > git remote --verbose [14ms]
2023-03-23 17:36:21.825 [info] > git for-each-ref --sort -committerdate --format %(refname) %(objectname) %(*objectname) [32ms]
2023-03-23 17:36:21.826 [info] > git config --get commit.template [4ms]
2023-03-23 17:36:21.833 [info] > git for-each-ref --format=%(refname)%00%(upstream:short)%00%(objectname)%00%(upstream:track)%00%(upstream:remotename)%00%(upstream:remoteref) refs/heads/main refs/remotes/main [1ms]
2023-03-23 17:36:26.855 [info] > git status -z -uall [5ms]
2023-03-23 17:36:26.855 [info] > git remote --verbose [10ms]
2023-03-23 17:36:26.856 [info] > git for-each-ref --sort -committerdate --format %(refname) %(objectname) %(*objectname) [16ms]
2023-03-23 17:36:26.857 [info] > git config --get commit.template [3ms]
2023-03-23 17:36:26.864 [info] > git for-each-ref --format=%(refname)%00%(upstream:short)%00%(objectname)%00%(upstream:track)%00%(upstream:remotename)%00%(upstream:remoteref) refs/heads/main refs/remotes/main [1ms]
2023-03-23 17:36:36.312 [info] > git status -z -uall [19ms]
2023-03-23 17:36:36.314 [info] > git remote --verbose [27ms]
2023-03-23 17:36:36.315 [info] > git for-each-ref --sort -committerdate --format %(refname) %(objectname) %(*objectname) [36ms]
2023-03-23 17:36:36.318 [info] > git config --get commit.template [6ms]
2023-03-23 17:36:36.336 [info] > git for-each-ref --format=%(refname)%00%(upstream:short)%00%(objectname)%00%(upstream:track)%00%(upstream:remotename)%00%(upstream:remoteref) refs/heads/main refs/remotes/main [11ms]
2023-03-23 17:38:35.556 [info] > git status -z -uall [6ms]
2023-03-23 17:38:35.557 [info] > git remote --verbose [10ms]
2023-03-23 17:38:35.557 [info] > git for-each-ref --sort -committerdate --format %(refname) %(objectname) %(*objectname) [15ms]
2023-03-23 17:38:35.559 [info] > git config --get commit.template [3ms]
2023-03-23 17:38:35.571 [info] > git for-each-ref --format=%(refname)%00%(upstream:short)%00%(objectname)%00%(upstream:track)%00%(upstream:remotename)%00%(upstream:remoteref) refs/heads/main refs/remotes/main [1ms]
2023-03-23 17:38:40.611 [info] > git status -z -uall [13ms]
2023-03-23 17:38:40.611 [info] > git remote --verbose [24ms]
2023-03-23 17:38:40.612 [info] > git for-each-ref --sort -committerdate --format %(refname) %(objectname) %(*objectname) [33ms]
2023-03-23 17:38:40.613 [info] > git config --get commit.template [3ms]
2023-03-23 17:38:40.624 [info] > git for-each-ref --format=%(refname)%00%(upstream:short)%00%(objectname)%00%(upstream:track)%00%(upstream:remotename)%00%(upstream:remoteref) refs/heads/main refs/remotes/main [3ms]
2023-03-23 17:38:52.590 [info] > git status -z -uall [20ms]
2023-03-23 17:38:52.592 [info] > git remote --verbose [35ms]
2023-03-23 17:38:52.593 [info] > git for-each-ref --sort -committerdate --format %(refname) %(objectname) %(*objectname) [48ms]
2023-03-23 17:38:52.593 [info] > git config --get commit.template [5ms]
2023-03-23 17:38:52.608 [info] > git for-each-ref --format=%(refname)%00%(upstream:short)%00%(objectname)%00%(upstream:track)%00%(upstream:remotename)%00%(upstream:remoteref) refs/heads/main refs/remotes/main [3ms]
2023-03-23 17:38:57.626 [info] > git status -z -uall [4ms]
2023-03-23 17:38:57.627 [info] > git remote --verbose [10ms]
2023-03-23 17:38:57.627 [info] > git for-each-ref --sort -committerdate --format %(refname) %(objectname) %(*objectname) [14ms]
2023-03-23 17:38:57.628 [info] > git config --get commit.template [2ms]
2023-03-23 17:38:57.634 [info] > git for-each-ref --format=%(refname)%00%(upstream:short)%00%(objectname)%00%(upstream:track)%00%(upstream:remotename)%00%(upstream:remoteref) refs/heads/main refs/remotes/main [1ms]
2023-03-23 17:39:48.905 [info] > git status -z -uall [9ms]
2023-03-23 17:39:48.906 [info] > git remote --verbose [22ms]
2023-03-23 17:39:48.907 [info] > git for-each-ref --sort -committerdate --format %(refname) %(objectname) %(*objectname) [43ms]
2023-03-23 17:39:48.909 [info] > git config --get commit.template [4ms]
2023-03-23 17:39:48.919 [info] > git for-each-ref --format=%(refname)%00%(upstream:short)%00%(objectname)%00%(upstream:track)%00%(upstream:remotename)%00%(upstream:remoteref) refs/heads/main refs/remotes/main [1ms]
2023-03-23 17:39:53.942 [info] > git status -z -uall [6ms]
2023-03-23 17:39:53.943 [info] > git remote --verbose [11ms]
2023-03-23 17:39:53.943 [info] > git for-each-ref --sort -committerdate --format %(refname) %(objectname) %(*objectname) [16ms]
2023-03-23 17:39:53.944 [info] > git config --get commit.template [2ms]
2023-03-23 17:39:53.953 [info] > git for-each-ref --format=%(refname)%00%(upstream:short)%00%(objectname)%00%(upstream:track)%00%(upstream:remotename)%00%(upstream:remoteref) refs/heads/main refs/remotes/main [1ms]
2023-03-23 17:43:34.500 [info] > git status -z -uall [11ms]
2023-03-23 17:43:34.501 [info] > git remote --verbose [17ms]
2023-03-23 17:43:34.501 [info] > git for-each-ref --sort -committerdate --format %(refname) %(objectname) %(*objectname) [28ms]
2023-03-23 17:43:34.502 [info] > git config --get commit.template [1ms]
2023-03-23 17:43:34.511 [info] > git for-each-ref --format=%(refname)%00%(upstream:short)%00%(objectname)%00%(upstream:track)%00%(upstream:remotename)%00%(upstream:remoteref) refs/heads/main refs/remotes/main [3ms]
2023-03-23 17:44:05.144 [info] > git status -z -uall [7ms]
2023-03-23 17:44:05.145 [info] > git remote --verbose [17ms]
2023-03-23 17:44:05.145 [info] > git for-each-ref --sort -committerdate --format %(refname) %(objectname) %(*objectname) [36ms]
2023-03-23 17:44:05.146 [info] > git config --get commit.template [3ms]
2023-03-23 17:44:05.154 [info] > git for-each-ref --format=%(refname)%00%(upstream:short)%00%(objectname)%00%(upstream:track)%00%(upstream:remotename)%00%(upstream:remoteref) refs/heads/main refs/remotes/main [2ms]
2023-03-23 17:44:56.586 [info] > git status -z -uall [11ms]
2023-03-23 17:44:56.587 [info] > git remote --verbose [19ms]
2023-03-23 17:44:56.588 [info] > git for-each-ref --sort -committerdate --format %(refname) %(objectname) %(*objectname) [29ms]
2023-03-23 17:44:56.590 [info] > git config --get commit.template [3ms]
2023-03-23 17:44:56.602 [info] > git for-each-ref --format=%(refname)%00%(upstream:short)%00%(objectname)%00%(upstream:track)%00%(upstream:remotename)%00%(upstream:remoteref) refs/heads/main refs/remotes/main [2ms]
2023-03-23 17:45:06.934 [info] > git remote --verbose [13ms]
2023-03-23 17:45:06.934 [info] > git for-each-ref --sort -committerdate --format %(refname) %(objectname) %(*objectname) [27ms]
2023-03-23 17:45:06.948 [info] > git status -z -uall [16ms]
2023-03-23 17:45:06.951 [info] > git config --get commit.template [3ms]
2023-03-23 17:45:06.971 [info] > git for-each-ref --format=%(refname)%00%(upstream:short)%00%(objectname)%00%(upstream:track)%00%(upstream:remotename)%00%(upstream:remoteref) refs/heads/main refs/remotes/main [5ms]
2023-03-23 17:45:22.410 [info] > git status -z -uall [15ms]
2023-03-23 17:45:22.411 [info] > git remote --verbose [27ms]
2023-03-23 17:45:22.412 [info] > git for-each-ref --sort -committerdate --format %(refname) %(objectname) %(*objectname) [39ms]
2023-03-23 17:45:22.414 [info] > git config --get commit.template [2ms]
2023-03-23 17:45:22.442 [info] > git for-each-ref --format=%(refname)%00%(upstream:short)%00%(objectname)%00%(upstream:track)%00%(upstream:remotename)%00%(upstream:remoteref) refs/heads/main refs/remotes/main [5ms]
