2023-03-23 17:48:16.039 [info] [perf] Render performance baseline is 35ms
2023-03-23 17:50:30.626 [warning] SettingsEditor2: Settings not included in settingsLayout.ts: application.experimental.rendererProfiling
2023-03-23 19:12:05.698 [error] Cannot read properties of undefined (reading 'auto'): TypeError: Cannot read properties of undefined (reading 'auto')
    at la._onNewContext (vscode-file://vscode-app/nix/store/67dkybn8pxfx0iqvqlrddvaaq3sv0a7d-vscode-1.73.1/lib/vscode/resources/app/out/vs/workbench/workbench.desktop.main.js:812:16764)
    at la._refilterCompletionItems (vscode-file://vscode-app/nix/store/67dkybn8pxfx0iqvqlrddvaaq3sv0a7d-vscode-1.73.1/lib/vscode/resources/app/out/vs/workbench/workbench.desktop.main.js:812:12364)
    at vscode-file://vscode-app/nix/store/67dkybn8pxfx0iqvqlrddvaaq3sv0a7d-vscode-1.73.1/lib/vscode/resources/app/out/vs/workbench/workbench.desktop.main.js:812:8603
    at f.invoke (vscode-file://vscode-app/nix/store/67dkybn8pxfx0iqvqlrddvaaq3sv0a7d-vscode-1.73.1/lib/vscode/resources/app/out/vs/workbench/workbench.desktop.main.js:83:145)
    at l.deliver (vscode-file://vscode-app/nix/store/67dkybn8pxfx0iqvqlrddvaaq3sv0a7d-vscode-1.73.1/lib/vscode/resources/app/out/vs/workbench/workbench.desktop.main.js:83:2266)
    at c.fire (vscode-file://vscode-app/nix/store/67dkybn8pxfx0iqvqlrddvaaq3sv0a7d-vscode-1.73.1/lib/vscode/resources/app/out/vs/workbench/workbench.desktop.main.js:83:1844)
    at vscode-file://vscode-app/nix/store/67dkybn8pxfx0iqvqlrddvaaq3sv0a7d-vscode-1.73.1/lib/vscode/resources/app/out/vs/workbench/workbench.desktop.main.js:762:18860
    at f.invoke (vscode-file://vscode-app/nix/store/67dkybn8pxfx0iqvqlrddvaaq3sv0a7d-vscode-1.73.1/lib/vscode/resources/app/out/vs/workbench/workbench.desktop.main.js:83:145)
    at s.deliver (vscode-file://vscode-app/nix/store/67dkybn8pxfx0iqvqlrddvaaq3sv0a7d-vscode-1.73.1/lib/vscode/resources/app/out/vs/workbench/workbench.desktop.main.js:83:2266)
    at c.fire (vscode-file://vscode-app/nix/store/67dkybn8pxfx0iqvqlrddvaaq3sv0a7d-vscode-1.73.1/lib/vscode/resources/app/out/vs/workbench/workbench.desktop.main.js:83:1844)
    at R._emitOutgoingEvents (vscode-file://vscode-app/nix/store/67dkybn8pxfx0iqvqlrddvaaq3sv0a7d-vscode-1.73.1/lib/vscode/resources/app/out/vs/workbench/workbench.desktop.main.js:586:62875)
    at R.endEmitViewEvents (vscode-file://vscode-app/nix/store/67dkybn8pxfx0iqvqlrddvaaq3sv0a7d-vscode-1.73.1/lib/vscode/resources/app/out/vs/workbench/workbench.desktop.main.js:586:63571)
    at v._withViewEventsCollector (vscode-file://vscode-app/nix/store/67dkybn8pxfx0iqvqlrddvaaq3sv0a7d-vscode-1.73.1/lib/vscode/resources/app/out/vs/workbench/workbench.desktop.main.js:760:4911)
    at v._executeCursorEdit (vscode-file://vscode-app/nix/store/67dkybn8pxfx0iqvqlrddvaaq3sv0a7d-vscode-1.73.1/lib/vscode/resources/app/out/vs/workbench/workbench.desktop.main.js:760:3155)
    at v.paste (vscode-file://vscode-app/nix/store/67dkybn8pxfx0iqvqlrddvaaq3sv0a7d-vscode-1.73.1/lib/vscode/resources/app/out/vs/workbench/workbench.desktop.main.js:760:3605)
    at sn._paste (vscode-file://vscode-app/nix/store/67dkybn8pxfx0iqvqlrddvaaq3sv0a7d-vscode-1.73.1/lib/vscode/resources/app/out/vs/workbench/workbench.desktop.main.js:762:9887)
    at sn.trigger (vscode-file://vscode-app/nix/store/67dkybn8pxfx0iqvqlrddvaaq3sv0a7d-vscode-1.73.1/lib/vscode/resources/app/out/vs/workbench/workbench.desktop.main.js:762:8867)
    at y.runCommand (vscode-file://vscode-app/nix/store/67dkybn8pxfx0iqvqlrddvaaq3sv0a7d-vscode-1.73.1/lib/vscode/resources/app/out/vs/workbench/workbench.desktop.main.js:707:53376)
    at handler (vscode-file://vscode-app/nix/store/67dkybn8pxfx0iqvqlrddvaaq3sv0a7d-vscode-1.73.1/lib/vscode/resources/app/out/vs/workbench/workbench.desktop.main.js:707:15603)
    at r.invokeFunction (vscode-file://vscode-app/nix/store/67dkybn8pxfx0iqvqlrddvaaq3sv0a7d-vscode-1.73.1/lib/vscode/resources/app/out/vs/workbench/workbench.desktop.main.js:604:453)
    at S._tryExecuteCommand (vscode-file://vscode-app/nix/store/67dkybn8pxfx0iqvqlrddvaaq3sv0a7d-vscode-1.73.1/lib/vscode/resources/app/out/vs/workbench/workbench.desktop.main.js:1723:3664)
    at S.executeCommand (vscode-file://vscode-app/nix/store/67dkybn8pxfx0iqvqlrddvaaq3sv0a7d-vscode-1.73.1/lib/vscode/resources/app/out/vs/workbench/workbench.desktop.main.js:1723:3021)
    at Object.paste (vscode-file://vscode-app/nix/store/67dkybn8pxfx0iqvqlrddvaaq3sv0a7d-vscode-1.73.1/lib/vscode/resources/app/out/vs/workbench/workbench.desktop.main.js:762:19951)
    at A.paste (vscode-file://vscode-app/nix/store/67dkybn8pxfx0iqvqlrddvaaq3sv0a7d-vscode-1.73.1/lib/vscode/resources/app/out/vs/workbench/workbench.desktop.main.js:707:54355)
    at vscode-file://vscode-app/nix/store/67dkybn8pxfx0iqvqlrddvaaq3sv0a7d-vscode-1.73.1/lib/vscode/resources/app/out/vs/workbench/workbench.desktop.main.js:695:68888
    at f.invoke (vscode-file://vscode-app/nix/store/67dkybn8pxfx0iqvqlrddvaaq3sv0a7d-vscode-1.73.1/lib/vscode/resources/app/out/vs/workbench/workbench.desktop.main.js:83:145)
    at s.deliver (vscode-file://vscode-app/nix/store/67dkybn8pxfx0iqvqlrddvaaq3sv0a7d-vscode-1.73.1/lib/vscode/resources/app/out/vs/workbench/workbench.desktop.main.js:83:2266)
    at c.fire (vscode-file://vscode-app/nix/store/67dkybn8pxfx0iqvqlrddvaaq3sv0a7d-vscode-1.73.1/lib/vscode/resources/app/out/vs/workbench/workbench.desktop.main.js:83:1844)
    at vscode-file://vscode-app/nix/store/67dkybn8pxfx0iqvqlrddvaaq3sv0a7d-vscode-1.73.1/lib/vscode/resources/app/out/vs/workbench/workbench.desktop.main.js:547:9400
    at f.invoke (vscode-file://vscode-app/nix/store/67dkybn8pxfx0iqvqlrddvaaq3sv0a7d-vscode-1.73.1/lib/vscode/resources/app/out/vs/workbench/workbench.desktop.main.js:83:145)
    at s.deliver (vscode-file://vscode-app/nix/store/67dkybn8pxfx0iqvqlrddvaaq3sv0a7d-vscode-1.73.1/lib/vscode/resources/app/out/vs/workbench/workbench.desktop.main.js:83:2266)
    at c.fire (vscode-file://vscode-app/nix/store/67dkybn8pxfx0iqvqlrddvaaq3sv0a7d-vscode-1.73.1/lib/vscode/resources/app/out/vs/workbench/workbench.desktop.main.js:83:1844)
    at HTMLTextAreaElement.I (vscode-file://vscode-app/nix/store/67dkybn8pxfx0iqvqlrddvaaq3sv0a7d-vscode-1.73.1/lib/vscode/resources/app/out/vs/workbench/workbench.desktop.main.js:83:10495)
    at Object.implementation (vscode-file://vscode-app/nix/store/67dkybn8pxfx0iqvqlrddvaaq3sv0a7d-vscode-1.73.1/lib/vscode/resources/app/out/vs/workbench/workbench.desktop.main.js:707:78586)
    at s.runCommand (vscode-file://vscode-app/nix/store/67dkybn8pxfx0iqvqlrddvaaq3sv0a7d-vscode-1.73.1/lib/vscode/resources/app/out/vs/workbench/workbench.desktop.main.js:707:16413)
    at handler (vscode-file://vscode-app/nix/store/67dkybn8pxfx0iqvqlrddvaaq3sv0a7d-vscode-1.73.1/lib/vscode/resources/app/out/vs/workbench/workbench.desktop.main.js:707:15603)
    at r.invokeFunction (vscode-file://vscode-app/nix/store/67dkybn8pxfx0iqvqlrddvaaq3sv0a7d-vscode-1.73.1/lib/vscode/resources/app/out/vs/workbench/workbench.desktop.main.js:604:453)
    at S._tryExecuteCommand (vscode-file://vscode-app/nix/store/67dkybn8pxfx0iqvqlrddvaaq3sv0a7d-vscode-1.73.1/lib/vscode/resources/app/out/vs/workbench/workbench.desktop.main.js:1723:3664)
    at S.executeCommand (vscode-file://vscode-app/nix/store/67dkybn8pxfx0iqvqlrddvaaq3sv0a7d-vscode-1.73.1/lib/vscode/resources/app/out/vs/workbench/workbench.desktop.main.js:1723:3021)
    at _r._doDispatch (vscode-file://vscode-app/nix/store/67dkybn8pxfx0iqvqlrddvaaq3sv0a7d-vscode-1.73.1/lib/vscode/resources/app/out/vs/workbench/workbench.desktop.main.js:608:7509)
    at _r._dispatch (vscode-file://vscode-app/nix/store/67dkybn8pxfx0iqvqlrddvaaq3sv0a7d-vscode-1.73.1/lib/vscode/resources/app/out/vs/workbench/workbench.desktop.main.js:608:5110)
    at vscode-file://vscode-app/nix/store/67dkybn8pxfx0iqvqlrddvaaq3sv0a7d-vscode-1.73.1/lib/vscode/resources/app/out/vs/workbench/workbench.desktop.main.js:2714:62102
